2024-06-14 15:21:20 info: Retrieving all states
2024-06-14 15:21:20 info: Successfully retrieved all states
2024-06-14 15:21:20 info: [object Object]
2024-06-14 15:32:14 info: [object Object]
2024-06-14 15:32:14 info: [object Object]
2024-06-14 15:32:24 info: [object Object]
2024-06-14 15:32:29 info: [object Object]
2024-06-14 15:32:41 info: [object Object]
2024-06-14 15:33:16 info: Retrieving state by Id
2024-06-14 15:33:21 error: Error retrieving a state : 
Invalid `AbstractBaseRepository.model.findFirst()` invocation in
D:\NestPrismaMySQL\src\core\repository\baseRepository.ts:147:43

  144 }
  145 
  146 // @ts-ignore
→ 147 return AbstractBaseRepository.model.findFirst(
Can't reach database server at `122.170.99.55:3306`

Please make sure your database server is running at `122.170.99.55:3306`.
2024-06-14 15:33:21 info: [object Object]
2024-06-14 15:34:30 info: Retrieving state by Id
2024-06-14 15:34:30 info: Successfully retrieved state by Id
2024-06-14 15:34:30 info: [object Object]
2024-06-14 15:41:37 info: Retrieving all states
2024-06-14 15:41:42 info: Successfully retrieved all states
2024-06-14 15:41:42 info: [object Object]
2024-06-14 15:48:52 info: Retrieving all states
2024-06-14 15:48:52 info: Successfully retrieved all states
2024-06-14 15:48:52 info: [object Object]
2024-06-14 19:58:46 info: Retrieving all states
2024-06-14 19:58:51 error: Error retrieving all states: 
Invalid `AbstractBaseRepository.model.findMany()` invocation in
D:\NestPrismaMySQL\src\core\repository\baseRepository.ts:101:51

   98 }
   99 return {
  100   // @ts-ignore
→ 101   rows: (await AbstractBaseRepository.model.findMany(
Can't reach database server at `122.170.99.55:3306`

Please make sure your database server is running at `122.170.99.55:3306`.
2024-06-14 19:58:51 info: [object Object]
